2025-09-06 15:16:22,113 - INFO - 지난 1년간의 데이터 수집 시작: 2024-09-06 ~ 2025-09-06
2025-09-06 15:16:22,224 - INFO - 데이터가 collected_data/kstartup_2025_past_year_2024-09-06_to_2025-09-06.xlsx에 저장되었습니다.
2025-09-06 15:16:22,227 - INFO - 데이터가 collected_data/kstartup_2025_past_year_2024-09-06_to_2025-09-06.csv에 저장되었습니다.
2025-09-06 15:16:28,930 - INFO - 최근 30일간의 데이터 수집 시작: 2025-08-07 ~ 2025-09-06
2025-09-06 15:16:28,980 - INFO - 데이터가 collected_data/kstartup_2025_recent_30days_2025-08-07_to_2025-09-06.xlsx에 저장되었습니다.
2025-09-06 15:16:28,982 - INFO - 데이터가 collected_data/kstartup_2025_recent_30days_2025-08-07_to_2025-09-06.csv에 저장되었습니다.
2025-09-06 15:17:12,848 - INFO - === 매일 자동 수집 시작 ===
2025-09-06 15:17:12,849 - INFO - 매일 새로운 공고 수집: 2025-09-05 ~ 2025-09-06
2025-09-06 15:17:12,930 - INFO - 데이터가 collected_data/kstartup_2025_daily_new_20250906_151712.xlsx에 저장되었습니다.
2025-09-06 15:17:12,932 - INFO - 데이터가 collected_data/kstartup_2025_daily_new_20250906_151712.csv에 저장되었습니다.
2025-09-06 15:17:12,932 - INFO - ✅ 매일 수집 완료: collected_data/kstartup_2025_daily_new_20250906_151712.xlsx
2025-09-06 15:20:50,922 - INFO - 지난 1년간의 데이터 수집 시작: 2024-09-06 ~ 2025-09-06
2025-09-06 15:20:51,038 - INFO - 데이터가 collected_data/kstartup_2025_past_year_2024-09-06_to_2025-09-06.xlsx에 저장되었습니다.
2025-09-06 15:20:51,041 - INFO - 데이터가 collected_data/kstartup_2025_past_year_2024-09-06_to_2025-09-06.csv에 저장되었습니다.
2025-09-06 15:21:20,724 - INFO - 최근 30일간의 데이터 수집 시작: 2025-08-07 ~ 2025-09-06
2025-09-06 15:21:20,813 - INFO - 데이터가 collected_data/kstartup_2025_recent_30days_2025-08-07_to_2025-09-06.xlsx에 저장되었습니다.
2025-09-06 15:21:20,815 - INFO - 데이터가 collected_data/kstartup_2025_recent_30days_2025-08-07_to_2025-09-06.csv에 저장되었습니다.
2025-09-10 12:31:12,115 - INFO - === 매일 자동 수집 시작 ===
2025-09-10 12:31:12,116 - INFO - 매일 새로운 공고 수집: 2025-09-05 ~ 2025-09-06
2025-09-10 12:31:12,466 - INFO - 데이터가 collected_data/kstartup_2025_daily_new_20250910_123112.xlsx에 저장되었습니다.
2025-09-10 12:31:12,468 - INFO - 데이터가 collected_data/kstartup_2025_daily_new_20250910_123112.csv에 저장되었습니다.
2025-09-10 12:31:12,468 - INFO - ✅ 매일 수집 완료: collected_data/kstartup_2025_daily_new_20250910_123112.xlsx
